::1 - - [02/May/2024:22:46:33 +0800] "GET / HTTP/1.1" 500 -
127.0.0.1 - - [02/May/2024:22:46:35 +0800] "GET / HTTP/1.1" 500 -
127.0.0.1 - - [02/May/2024:22:46:59 +0800] "GET / HTTP/1.1" 500 -
::1 - - [02/May/2024:22:47:00 +0800] "GET / HTTP/1.1" 500 -
::1 - - [02/May/2024:22:47:00 +0800] "GET / HTTP/1.1" 500 -
::1 - - [02/May/2024:22:47:01 +0800] "GET / HTTP/1.1" 500 -
::1 - - [02/May/2024:22:47:01 +0800] "GET / HTTP/1.1" 500 -
::1 - - [02/May/2024:22:47:01 +0800] "GET / HTTP/1.1" 500 -
::1 - - [02/May/2024:22:47:01 +0800] "GET / HTTP/1.1" 500 -
::1 - - [02/May/2024:22:47:01 +0800] "GET / HTTP/1.1" 500 -
::1 - - [02/May/2024:22:47:01 +0800] "GET / HTTP/1.1" 500 -
::1 - - [02/May/2024:22:47:02 +0800] "GET / HTTP/1.1" 500 -
::1 - - [02/May/2024:22:47:02 +0800] "GET / HTTP/1.1" 500 -
::1 - - [02/May/2024:22:47:02 +0800] "GET / HTTP/1.1" 500 -
::1 - - [02/May/2024:22:47:02 +0800] "GET / HTTP/1.1" 500 -
::1 - - [02/May/2024:22:47:02 +0800] "GET / HTTP/1.1" 500 -
::1 - - [02/May/2024:22:47:02 +0800] "GET / HTTP/1.1" 500 -
::1 - - [02/May/2024:22:47:19 +0800] "GET / HTTP/1.1" 500 -
::1 - - [02/May/2024:22:47:19 +0800] "GET / HTTP/1.1" 500 -
::1 - - [02/May/2024:22:47:20 +0800] "GET / HTTP/1.1" 500 -
::1 - - [02/May/2024:22:47:20 +0800] "GET / HTTP/1.1" 500 -
::1 - - [02/May/2024:22:47:20 +0800] "GET / HTTP/1.1" 500 -
::1 - - [02/May/2024:22:47:20 +0800] "GET / HTTP/1.1" 500 -
::1 - - [02/May/2024:22:47:20 +0800] "GET / HTTP/1.1" 500 -
::1 - - [02/May/2024:22:47:21 +0800] "GET / HTTP/1.1" 500 -
::1 - - [02/May/2024:22:47:21 +0800] "GET / HTTP/1.1" 500 -
::1 - - [02/May/2024:22:47:21 +0800] "GET / HTTP/1.1" 500 -
::1 - - [02/May/2024:22:47:21 +0800] "GET / HTTP/1.1" 500 -
::1 - - [02/May/2024:22:47:21 +0800] "GET / HTTP/1.1" 500 -
::1 - - [02/May/2024:22:47:21 +0800] "GET / HTTP/1.1" 500 -
::1 - - [02/May/2024:22:47:22 +0800] "GET / HTTP/1.1" 500 -
::1 - - [02/May/2024:22:47:22 +0800] "GET / HTTP/1.1" 500 -
::1 - - [02/May/2024:22:47:22 +0800] "GET / HTTP/1.1" 500 -
::1 - - [02/May/2024:22:47:38 +0800] "GET / HTTP/1.1" 500 -
::1 - - [02/May/2024:22:47:38 +0800] "GET / HTTP/1.1" 500 -
::1 - - [02/May/2024:22:47:38 +0800] "GET / HTTP/1.1" 500 -
::1 - - [02/May/2024:22:47:39 +0800] "GET / HTTP/1.1" 500 -
::1 - - [02/May/2024:22:47:39 +0800] "GET / HTTP/1.1" 500 -
::1 - - [02/May/2024:22:47:42 +0800] "GET / HTTP/1.1" 500 -
::1 - - [02/May/2024:22:48:25 +0800] "GET / HTTP/1.1" 200 497
::1 - - [02/May/2024:22:48:25 +0800] "GET /favicon.ico HTTP/1.1" 404 196
::1 - - [02/May/2024:22:48:49 +0800] "GET / HTTP/1.1" 200 497
::1 - - [02/May/2024:22:48:57 +0800] "GET / HTTP/1.1" 200 497
::1 - - [02/May/2024:22:48:57 +0800] "GET / HTTP/1.1" 200 497
::1 - - [02/May/2024:22:49:57 +0800] "-" 408 -
::1 - - [02/May/2024:22:51:38 +0800] "GET / HTTP/1.1" 200 431
::1 - - [02/May/2024:22:51:51 +0800] "GET / HTTP/1.1" 200 25092
::1 - - [02/May/2024:22:51:51 +0800] "GET /Images/Logo.png HTTP/1.1" 200 39315
::1 - - [02/May/2024:22:51:51 +0800] "GET /Styles/style.css HTTP/1.1" 200 12987
::1 - - [02/May/2024:22:51:51 +0800] "GET /Images/Logohero.png HTTP/1.1" 200 403746
::1 - - [02/May/2024:22:51:51 +0800] "GET /Images/7AppAdmin.png HTTP/1.1" 200 60079
::1 - - [02/May/2024:22:51:51 +0800] "GET /Images/1AppHome.png HTTP/1.1" 200 14009
::1 - - [02/May/2024:22:52:15 +0800] "GET /team.html HTTP/1.1" 404 196
::1 - - [02/May/2024:22:52:33 +0800] "GET /team.html HTTP/1.1" 404 196
::1 - - [02/May/2024:22:52:35 +0800] "GET / HTTP/1.1" 200 25091
::1 - - [02/May/2024:22:52:36 +0800] "GET /team.php HTTP/1.1" 200 11651
::1 - - [02/May/2024:22:52:36 +0800] "GET /Images/Bucoy.jpg HTTP/1.1" 200 116727
::1 - - [02/May/2024:22:52:36 +0800] "GET /Styles/teamstyle.css HTTP/1.1" 200 8147
::1 - - [02/May/2024:22:52:36 +0800] "GET /Images/Riosa.jpg HTTP/1.1" 200 142032
::1 - - [02/May/2024:22:52:36 +0800] "GET /Images/Bautista.jpg HTTP/1.1" 200 149224
::1 - - [02/May/2024:22:52:36 +0800] "GET /Images/Catubag.jpg HTTP/1.1" 200 128937
::1 - - [02/May/2024:22:52:36 +0800] "GET /Images/Ballesteros.jpg HTTP/1.1" 200 139660
::1 - - [02/May/2024:22:53:08 +0800] "GET /index.html HTTP/1.1" 404 196
::1 - - [02/May/2024:22:54:04 +0800] "GET /team.php HTTP/1.1" 200 11650
::1 - - [02/May/2024:22:54:08 +0800] "GET /index.php HTTP/1.1" 200 25091
::1 - - [02/May/2024:22:54:11 +0800] "GET /team.php HTTP/1.1" 200 11650
::1 - - [02/May/2024:22:54:41 +0800] "GET /team.php HTTP/1.1" 200 11650
::1 - - [02/May/2024:22:54:42 +0800] "GET /team.php HTTP/1.1" 200 11650
::1 - - [02/May/2024:22:54:59 +0800] "GET /team.php HTTP/1.1" 200 11650
::1 - - [02/May/2024:22:55:05 +0800] "GET /team.php HTTP/1.1" 200 11650
::1 - - [02/May/2024:22:55:30 +0800] "GET /team.php HTTP/1.1" 200 11650
::1 - - [02/May/2024:22:55:34 +0800] "GET / HTTP/1.1" 200 25091
::1 - - [02/May/2024:22:55:37 +0800] "GET /team.php HTTP/1.1" 200 11650
::1 - - [02/May/2024:22:55:52 +0800] "GET /team.php HTTP/1.1" 200 11650
::1 - - [02/May/2024:22:55:57 +0800] "GET / HTTP/1.1" 200 25091
::1 - - [02/May/2024:22:55:59 +0800] "GET /team.php HTTP/1.1" 200 11650
::1 - - [02/May/2024:22:56:48 +0800] "GET /team.php HTTP/1.1" 200 11650
::1 - - [02/May/2024:22:57:12 +0800] "GET /team.php HTTP/1.1" 200 11650
::1 - - [02/May/2024:22:57:26 +0800] "GET /team.php HTTP/1.1" 200 11650
::1 - - [02/May/2024:22:57:54 +0800] "GET /team.php HTTP/1.1" 200 11664
::1 - - [02/May/2024:22:58:03 +0800] "GET /index.php HTTP/1.1" 200 25091
::1 - - [02/May/2024:22:58:05 +0800] "GET /index.php HTTP/1.1" 200 25091
::1 - - [02/May/2024:22:58:08 +0800] "GET / HTTP/1.1" 200 25091
::1 - - [02/May/2024:22:58:10 +0800] "GET /team.php HTTP/1.1" 200 11664
::1 - - [02/May/2024:22:58:30 +0800] "GET /team.php HTTP/1.1" 200 11651
::1 - - [02/May/2024:22:59:00 +0800] "GET /team.php HTTP/1.1" 200 11651
::1 - - [02/May/2024:22:59:04 +0800] "GET /index.php HTTP/1.1" 200 25091
::1 - - [02/May/2024:22:59:06 +0800] "GET /team.php HTTP/1.1" 200 11651
::1 - - [02/May/2024:22:59:10 +0800] "GET / HTTP/1.1" 200 25091
::1 - - [02/May/2024:22:59:13 +0800] "GET /team.php HTTP/1.1" 200 11651
::1 - - [02/May/2024:22:59:31 +0800] "GET / HTTP/1.1" 200 25091
::1 - - [02/May/2024:22:59:32 +0800] "GET /team.php HTTP/1.1" 200 11651
::1 - - [02/May/2024:22:59:44 +0800] "GET /team.php HTTP/1.1" 200 11651
::1 - - [02/May/2024:22:59:44 +0800] "GET /team.php HTTP/1.1" 200 11651
::1 - - [02/May/2024:22:59:45 +0800] "GET /team.php HTTP/1.1" 200 11651
::1 - - [02/May/2024:22:59:45 +0800] "GET /team.php HTTP/1.1" 200 11651
::1 - - [02/May/2024:22:59:47 +0800] "GET / HTTP/1.1" 200 25091
::1 - - [02/May/2024:22:59:49 +0800] "GET /team.php HTTP/1.1" 200 11651
::1 - - [02/May/2024:23:00:44 +0800] "-" 408 -
::1 - - [02/May/2024:23:01:49 +0800] "GET /team.php HTTP/1.1" 200 11651
::1 - - [02/May/2024:23:01:54 +0800] "GET / HTTP/1.1" 200 25091
::1 - - [02/May/2024:23:01:55 +0800] "GET /team.php HTTP/1.1" 200 11651
::1 - - [02/May/2024:23:02:35 +0800] "GET /team.php HTTP/1.1" 200 11712
::1 - - [02/May/2024:23:03:35 +0800] "-" 408 -
::1 - - [02/May/2024:23:03:35 +0800] "GET /team.php HTTP/1.1" 200 11656
::1 - - [02/May/2024:23:03:35 +0800] "GET /Root/Styles/teamstyle.css HTTP/1.1" 404 196
::1 - - [02/May/2024:23:03:44 +0800] "GET /team.php HTTP/1.1" 200 11651
::1 - - [02/May/2024:23:04:44 +0800] "-" 408 -
::1 - - [02/May/2024:23:04:48 +0800] "GET /team.php HTTP/1.1" 200 11652
::1 - - [02/May/2024:23:04:48 +0800] "GET /Styles/teamstyles.css HTTP/1.1" 200 8117
::1 - - [02/May/2024:23:05:18 +0800] "GET /index.php HTTP/1.1" 200 25091
::1 - - [02/May/2024:23:05:26 +0800] "GET /team.php HTTP/1.1" 200 11652
::1 - - [02/May/2024:23:05:26 +0800] "GET /Styles/teamstyles.css HTTP/1.1" 304 -
::1 - - [02/May/2024:23:05:53 +0800] "GET /team.php HTTP/1.1" 200 11652
::1 - - [02/May/2024:23:05:53 +0800] "GET /team.php HTTP/1.1" 200 11652
::1 - - [02/May/2024:23:05:54 +0800] "GET /team.php HTTP/1.1" 200 11652
::1 - - [02/May/2024:23:06:02 +0800] "GET / HTTP/1.1" 200 25091
::1 - - [02/May/2024:23:06:05 +0800] "GET /team.php HTTP/1.1" 200 11652
::1 - - [02/May/2024:23:06:05 +0800] "GET /Styles/teamstyles.css HTTP/1.1" 200 8163
::1 - - [02/May/2024:23:06:15 +0800] "GET /team.php HTTP/1.1" 200 11652
::1 - - [02/May/2024:23:06:15 +0800] "GET /Styles/teamstyles.css HTTP/1.1" 200 8161
::1 - - [02/May/2024:23:06:23 +0800] "GET /team.php HTTP/1.1" 200 11652
::1 - - [02/May/2024:23:06:23 +0800] "GET /Styles/teamstyles.css HTTP/1.1" 200 8161
::1 - - [02/May/2024:23:06:24 +0800] "GET /team.php HTTP/1.1" 200 11652
::1 - - [02/May/2024:23:06:24 +0800] "GET /Styles/teamstyles.css HTTP/1.1" 304 -
::1 - - [02/May/2024:23:06:25 +0800] "GET /team.php HTTP/1.1" 200 11652
::1 - - [02/May/2024:23:06:25 +0800] "GET /Styles/teamstyles.css HTTP/1.1" 304 -
::1 - - [02/May/2024:23:06:25 +0800] "GET /Images/Logo.png HTTP/1.1" 200 39315
::1 - - [02/May/2024:23:06:45 +0800] "GET /team.php HTTP/1.1" 200 11652
::1 - - [02/May/2024:23:06:45 +0800] "GET /Styles/teamstyles.css HTTP/1.1" 200 8160
::1 - - [02/May/2024:23:06:53 +0800] "GET /team.php HTTP/1.1" 200 11652
::1 - - [02/May/2024:23:06:53 +0800] "GET /Styles/teamstyles.css HTTP/1.1" 304 -
::1 - - [02/May/2024:23:07:02 +0800] "GET /team.php HTTP/1.1" 200 11652
::1 - - [02/May/2024:23:07:02 +0800] "GET /Styles/teamstyles.css HTTP/1.1" 200 8159
::1 - - [02/May/2024:23:07:07 +0800] "GET /index.php HTTP/1.1" 200 25091
::1 - - [02/May/2024:23:07:14 +0800] "GET /team.php HTTP/1.1" 200 11652
::1 - - [02/May/2024:23:07:14 +0800] "GET /Styles/teamstyles.css HTTP/1.1" 304 -
::1 - - [02/May/2024:23:07:52 +0800] "GET /phpmyadmin/ HTTP/1.1" 200 4777
::1 - - [02/May/2024:23:07:52 +0800] "GET /phpmyadmin/js/messages.php?l=en&v=5.1.3 HTTP/1.1" 200 7921
::1 - - [02/May/2024:23:07:53 +0800] "POST /phpmyadmin/index.php?route=/error-report HTTP/1.1" 200 67
::1 - - [02/May/2024:23:07:55 +0800] "POST /phpmyadmin/index.php?route=/ HTTP/1.1" 200 4847
::1 - - [02/May/2024:23:08:02 +0800] "POST /phpmyadmin/index.php?route=/error-report HTTP/1.1" 200 67
::1 - - [02/May/2024:23:08:48 +0800] "GET /phpmyadmin/index.php?route=/ HTTP/1.1" 200 4775
::1 - - [02/May/2024:23:08:50 +0800] "POST /phpmyadmin/index.php?route=/ HTTP/1.1" 302 20
::1 - - [02/May/2024:23:08:50 +0800] "GET /phpmyadmin/index.php?route=/&route=%2F HTTP/1.1" 200 14731
::1 - - [02/May/2024:23:08:50 +0800] "GET /phpmyadmin/themes/pmahomme/css/theme.css?v=5.1.3&nocache=-231256440ltr&server=1 HTTP/1.1" 200 216144
::1 - - [02/May/2024:23:08:51 +0800] "POST /phpmyadmin/index.php?route=/navigation&ajax_request=1 HTTP/1.1" 200 2042
::1 - - [02/May/2024:23:08:51 +0800] "POST /phpmyadmin/index.php?route=/config/get HTTP/1.1" 200 1523
::1 - - [02/May/2024:23:08:51 +0800] "POST /phpmyadmin/index.php?route=/config/get HTTP/1.1" 200 1611
::1 - - [02/May/2024:23:08:51 +0800] "POST /phpmyadmin/index.php?route=/version-check HTTP/1.1" 200 28
::1 - - [02/May/2024:23:08:51 +0800] "POST /phpmyadmin/index.php?route=/navigation&ajax_request=1 HTTP/1.1" 200 1876
::1 - - [02/May/2024:23:08:51 +0800] "POST /phpmyadmin/index.php?route=/config/set HTTP/1.1" 200 1514
::1 - - [02/May/2024:23:09:00 +0800] "GET /phpmyadmin/index.php?route=/ HTTP/1.1" 200 14730
::1 - - [02/May/2024:23:09:03 +0800] "GET /phpmyadmin/themes/pmahomme/css/theme.css?v=5.1.3&nocache=358048841ltr&server=1 HTTP/1.1" 200 216144
::1 - - [02/May/2024:23:09:04 +0800] "POST /phpmyadmin/index.php?route=/config/get HTTP/1.1" 200 1611
::1 - - [02/May/2024:23:09:04 +0800] "POST /phpmyadmin/index.php?route=/version-check HTTP/1.1" 200 28
::1 - - [02/May/2024:23:09:04 +0800] "POST /phpmyadmin/index.php?route=/config/get HTTP/1.1" 200 1523
::1 - - [02/May/2024:23:09:04 +0800] "POST /phpmyadmin/index.php?route=/navigation&ajax_request=1 HTTP/1.1" 200 2256
::1 - - [02/May/2024:23:09:04 +0800] "POST /phpmyadmin/index.php?route=/config/set HTTP/1.1" 200 1514
::1 - - [02/May/2024:23:09:06 +0800] "POST /phpmyadmin/index.php?route=/error-report HTTP/1.1" 200 1526
::1 - - [02/May/2024:23:09:12 +0800] "GET /phpmyadmin/ HTTP/1.1" 200 14728
::1 - - [02/May/2024:23:09:13 +0800] "GET /phpmyadmin/themes/pmahomme/css/theme.css?v=5.1.3&nocache=-308989953ltr&server=1 HTTP/1.1" 200 216144
::1 - - [02/May/2024:23:09:13 +0800] "POST /phpmyadmin/index.php?route=/navigation&ajax_request=1 HTTP/1.1" 200 2042
::1 - - [02/May/2024:23:09:13 +0800] "POST /phpmyadmin/index.php?route=/config/get HTTP/1.1" 200 1523
::1 - - [02/May/2024:23:09:13 +0800] "POST /phpmyadmin/index.php?route=/version-check HTTP/1.1" 200 28
::1 - - [02/May/2024:23:09:13 +0800] "POST /phpmyadmin/index.php?route=/config/get HTTP/1.1" 200 1611
::1 - - [02/May/2024:23:09:13 +0800] "POST /phpmyadmin/index.php?route=/error-report HTTP/1.1" 200 1526
::1 - - [02/May/2024:23:09:13 +0800] "POST /phpmyadmin/index.php?route=/navigation&ajax_request=1 HTTP/1.1" 200 1876
::1 - - [02/May/2024:23:09:14 +0800] "POST /phpmyadmin/index.php?route=/config/set HTTP/1.1" 200 1514
::1 - - [02/May/2024:23:09:28 +0800] "GET /phpmyadmin/index.php?route=/preferences/manage&ajax_request=true&ajax_page_request=true&_nocache=1714662568721795607&token=7c5a77372b3926685f59624531687944 HTTP/1.1" 200 3021
::1 - - [02/May/2024:23:09:29 +0800] "GET /phpmyadmin/themes/pmahomme/img/b_select.png HTTP/1.1" 200 593
::1 - - [02/May/2024:23:09:33 +0800] "GET /phpmyadmin/index.php?route=/preferences/two-factor&ajax_request=true&ajax_page_request=true&_nocache=1714662573019655758&token=7c5a77372b3926685f59624531687944 HTTP/1.1" 200 2469
::1 - - [02/May/2024:23:09:33 +0800] "POST /phpmyadmin/index.php?route=/navigation&ajax_request=1 HTTP/1.1" 200 4515
::1 - - [02/May/2024:23:09:38 +0800] "GET /phpmyadmin/url.php?url=https%3A%2F%2Fdocs.phpmyadmin.net%2Fen%2Flatest%2Fsetup.html%23linked-tables HTTP/1.1" 200 178
::1 - - [02/May/2024:23:10:05 +0800] "GET /phpmyadmin/index.php?route=/preferences/manage&ajax_request=true&ajax_page_request=true&_nocache=1714662605984511994&token=7c5a77372b3926685f59624531687944 HTTP/1.1" 200 3021
::1 - - [02/May/2024:23:10:19 +0800] "GET /phpmyadmin/url.php?url=https%3A%2F%2Fdev.mysql.com%2Fdoc%2Frefman%2F5.7%2Fen%2Findex.html HTTP/1.1" 200 173
::1 - - [02/May/2024:23:10:25 +0800] "POST /phpmyadmin/index.php?route=/navigation&ajax_request=1 HTTP/1.1" 200 2072
::1 - - [02/May/2024:23:10:30 +0800] "GET /phpmyadmin/index.php?route=/sql&server=1&db=test&table=profiles&pos=0&ajax_request=true&ajax_page_request=true&_nocache=1714662630368507312&token=7c5a77372b3926685f59624531687944 HTTP/1.1" 200 7721
::1 - - [02/May/2024:23:10:30 +0800] "POST /phpmyadmin/index.php?route=/navigation&ajax_request=1 HTTP/1.1" 200 4518
::1 - - [02/May/2024:23:10:30 +0800] "GET /phpmyadmin/index.php?route=/recent-table&ajax_request=1&recent_table=1&no_debug=true&_nocache=171466263072350813&token=7c5a77372b3926685f59624531687944 HTTP/1.1" 200 1572
::1 - - [02/May/2024:23:10:36 +0800] "GET /phpmyadmin/index.php?route=/table/create&server=1&db=test&ajax_request=true&ajax_page_request=true&_nocache=1714662636982936085&token=7c5a77372b3926685f59624531687944 HTTP/1.1" 200 27179
::1 - - [02/May/2024:23:10:39 +0800] "GET /phpmyadmin/index.php?route=/database/structure&server=1&db=test&ajax_request=true&ajax_page_request=true&_nocache=1714662639379731393&token=7c5a77372b3926685f59624531687944 HTTP/1.1" 200 4988
::1 - - [02/May/2024:23:10:39 +0800] "GET /phpmyadmin/themes/pmahomme/img/b_empty.png HTTP/1.1" 200 521
::1 - - [02/May/2024:23:10:54 +0800] "POST /phpmyadmin/index.php?route=/table/create HTTP/1.1" 200 17268
::1 - - [02/May/2024:23:10:55 +0800] "GET /phpmyadmin/index.php?route=/recent-table&ajax_request=1&recent_table=1&no_debug=true&_nocache=1714662655071667478&token=7c5a77372b3926685f59624531687944 HTTP/1.1" 200 1572
::1 - - [02/May/2024:23:11:22 +0800] "POST /phpmyadmin/index.php?route=/table/indexes HTTP/1.1" 200 2877
::1 - - [02/May/2024:23:11:37 +0800] "POST /phpmyadmin/index.php?route=/table/structure/reserved-word-check HTTP/1.1" 200 89
::1 - - [02/May/2024:23:11:37 +0800] "POST /phpmyadmin/index.php?route=/table/create HTTP/1.1" 200 1792
::1 - - [02/May/2024:23:11:38 +0800] "GET /phpmyadmin/index.php?route=/database/structure&server=1&db=test&table=Nav%20Names&ajax_request=true&ajax_page_request=true&_nocache=1714662698116237911&token=7c5a77372b3926685f59624531687944 HTTP/1.1" 200 5257
::1 - - [02/May/2024:23:11:38 +0800] "POST /phpmyadmin/index.php?route=/navigation&ajax_request=1 HTTP/1.1" 200 2659
::1 - - [02/May/2024:23:11:38 +0800] "GET /phpmyadmin/index.php?route=/table/structure&server=1&db=test&token=7c5a77372b3926685f59624531687944&goto=index.php%3Froute%3D%2Fdatabase%2Fstructure&table=nav%20names&ajax_request=true&ajax_page_request=true&_nocache=1714662698120362715&token=7c5a77372b3926685f59624531687944 HTTP/1.1" 200 7217
::1 - - [02/May/2024:23:11:38 +0800] "GET /phpmyadmin/index.php?route=/recent-table&ajax_request=1&recent_table=1&no_debug=true&_nocache=1714662698414513167&token=7c5a77372b3926685f59624531687944 HTTP/1.1" 200 1603
::1 - - [02/May/2024:23:11:38 +0800] "GET /phpmyadmin/index.php?route=/recent-table&ajax_request=1&recent_table=1&no_debug=true&_nocache=1714662698850469500&token=7c5a77372b3926685f59624531687944 HTTP/1.1" 200 1603
::1 - - [02/May/2024:23:11:49 +0800] "GET /phpmyadmin/index.php?route=/table/change&db=test&table=nav+names&ajax_request=true&ajax_page_request=true&_nocache=1714662709912964845&token=7c5a77372b3926685f59624531687944 HTTP/1.1" 200 6179
::1 - - [02/May/2024:23:11:50 +0800] "GET /phpmyadmin/index.php?route=/recent-table&ajax_request=1&recent_table=1&no_debug=true&_nocache=1714662710180907905&token=7c5a77372b3926685f59624531687944 HTTP/1.1" 200 1603
::1 - - [02/May/2024:23:13:17 +0800] "POST /phpmyadmin/index.php?route=/table/replace HTTP/1.1" 200 5614
::1 - - [02/May/2024:23:13:17 +0800] "GET /phpmyadmin/index.php?route=/recent-table&ajax_request=1&recent_table=1&no_debug=true&_nocache=1714662797915475978&token=7c5a77372b3926685f59624531687944 HTTP/1.1" 200 1603
::1 - - [02/May/2024:23:13:17 +0800] "POST /phpmyadmin/index.php?route=/lint HTTP/1.1" 200 28
::1 - - [02/May/2024:23:13:20 +0800] "POST /phpmyadmin/index.php?route=/import HTTP/1.1" 200 2379
::1 - - [02/May/2024:23:13:24 +0800] "GET /phpmyadmin/index.php?route=/sql&server=1&db=test&table=nav+names&pos=0&ajax_request=true&ajax_page_request=true&_nocache=1714662804675154966&token=7c5a77372b3926685f59624531687944 HTTP/1.1" 200 8720
::1 - - [02/May/2024:23:13:25 +0800] "GET /phpmyadmin/index.php?route=/recent-table&ajax_request=1&recent_table=1&no_debug=true&_nocache=1714662804993820732&token=7c5a77372b3926685f59624531687944 HTTP/1.1" 200 1603
::1 - - [02/May/2024:23:13:33 +0800] "POST /phpmyadmin/index.php HTTP/1.1" 200 2058
::1 - - [02/May/2024:23:13:36 +0800] "POST /phpmyadmin/index.php HTTP/1.1" 200 2057
::1 - - [02/May/2024:23:13:38 +0800] "POST /phpmyadmin/index.php HTTP/1.1" 200 2058
::1 - - [02/May/2024:23:13:40 +0800] "POST /phpmyadmin/index.php HTTP/1.1" 200 2058
::1 - - [02/May/2024:23:13:42 +0800] "POST /phpmyadmin/index.php HTTP/1.1" 200 2059
::1 - - [02/May/2024:23:14:30 +0800] "GET /team.php HTTP/1.1" 200 11717
::1 - - [02/May/2024:23:14:30 +0800] "GET /Styles/teamstyles.css HTTP/1.1" 304 -
::1 - - [02/May/2024:23:15:02 +0800] "GET /team.php HTTP/1.1" 200 11717
::1 - - [02/May/2024:23:15:26 +0800] "GET /team.php HTTP/1.1" 200 11717
::1 - - [02/May/2024:23:15:26 +0800] "GET /Styles/teamstyles.css HTTP/1.1" 200 8160
::1 - - [02/May/2024:23:15:34 +0800] "GET /team.php HTTP/1.1" 200 11717
::1 - - [02/May/2024:23:15:34 +0800] "GET /Styles/teamstyles.css HTTP/1.1" 200 8158
::1 - - [02/May/2024:23:15:46 +0800] "GET /team.php HTTP/1.1" 200 11717
::1 - - [02/May/2024:23:15:46 +0800] "GET /Styles/teamstyles.css HTTP/1.1" 200 8151
::1 - - [02/May/2024:23:16:05 +0800] "GET /team.php HTTP/1.1" 200 11717
::1 - - [02/May/2024:23:16:05 +0800] "GET /Styles/teamstyles.css HTTP/1.1" 200 8151
::1 - - [02/May/2024:23:16:17 +0800] "GET /team.php HTTP/1.1" 200 11717
::1 - - [02/May/2024:23:16:17 +0800] "GET /Styles/teamstyles.css HTTP/1.1" 200 8151
::1 - - [02/May/2024:23:17:17 +0800] "-" 408 -
::1 - - [02/May/2024:23:30:34 +0800] "GET /team.php HTTP/1.1" 200 11650
::1 - - [02/May/2024:23:30:34 +0800] "GET /Styles/teamstyles.css HTTP/1.1" 304 -
::1 - - [02/May/2024:23:30:43 +0800] "GET /team.php HTTP/1.1" 200 11650
::1 - - [02/May/2024:23:31:22 +0800] "GET /team.php HTTP/1.1" 200 11650
::1 - - [02/May/2024:23:31:40 +0800] "GET /team.php HTTP/1.1" 200 11717
::1 - - [02/May/2024:23:32:40 +0800] "-" 408 -
::1 - - [02/May/2024:23:37:20 +0800] "POST /phpmyadmin/index.php?route=/ HTTP/1.1" 200 1557
::1 - - [02/May/2024:23:45:58 +0800] "GET / HTTP/1.1" 200 25052
::1 - - [02/May/2024:23:47:10 +0800] "GET /phpmyadmin/index.php?route=/database/structure&server=1&db=test&ajax_request=true&ajax_page_request=true&_nocache=1714664830371937068&token=7c5a77372b3926685f59624531687944 HTTP/1.1" 200 5223
::1 - - [02/May/2024:23:47:29 +0800] "POST /phpmyadmin/index.php?route=/table/create HTTP/1.1" 200 27247
::1 - - [02/May/2024:23:47:30 +0800] "GET /phpmyadmin/index.php?route=/recent-table&ajax_request=1&recent_table=1&no_debug=true&_nocache=1714664850111323901&token=7c5a77372b3926685f59624531687944 HTTP/1.1" 200 1603
::1 - - [02/May/2024:23:49:56 +0800] "POST /phpmyadmin/index.php?route=/table/create HTTP/1.1" 200 1793
::1 - - [02/May/2024:23:51:19 +0800] "POST /phpmyadmin/index.php?route=/table/create HTTP/1.1" 200 1751
::1 - - [02/May/2024:23:51:27 +0800] "GET /phpmyadmin/index.php?route=/table/create&server=1&db=test&ajax_request=true&ajax_page_request=true&_nocache=1714665087494465236&token=7c5a77372b3926685f59624531687944 HTTP/1.1" 200 27179
::1 - - [02/May/2024:23:51:34 +0800] "POST /phpmyadmin/index.php?route=/table/create HTTP/1.1" 200 307
::1 - - [02/May/2024:23:51:41 +0800] "GET /phpmyadmin/themes/pmahomme/img/s_unlink.png HTTP/1.1" 200 589
::1 - - [02/May/2024:23:51:44 +0800] "GET /phpmyadmin/index.php?route=/table/create&server=1&db=test HTTP/1.1" 200 34226
::1 - - [02/May/2024:23:51:44 +0800] "GET /phpmyadmin/themes/pmahomme/css/theme.css?v=5.1.3&nocache=-916384415ltr&server=1 HTTP/1.1" 200 216144
::1 - - [02/May/2024:23:51:45 +0800] "POST /phpmyadmin/index.php?route=/config/get HTTP/1.1" 200 1524
::1 - - [02/May/2024:23:51:45 +0800] "POST /phpmyadmin/index.php?route=/navigation&ajax_request=1 HTTP/1.1" 200 2705
::1 - - [02/May/2024:23:51:45 +0800] "POST /phpmyadmin/index.php?route=/config/get HTTP/1.1" 200 1613
::1 - - [02/May/2024:23:51:45 +0800] "POST /phpmyadmin/index.php?route=/config/set HTTP/1.1" 200 1515
::1 - - [02/May/2024:23:51:46 +0800] "GET /phpmyadmin/index.php?route=/sql&server=1&db=test&table=contacts&pos=0&ajax_request=true&ajax_page_request=true&_nocache=1714665106948956870&token=7c5a77372b3926685f59624531687944 HTTP/1.1" 200 4919
::1 - - [02/May/2024:23:51:47 +0800] "GET /phpmyadmin/index.php?route=/recent-table&ajax_request=1&recent_table=1&no_debug=true&_nocache=1714665107231769642&token=7c5a77372b3926685f59624531687944 HTTP/1.1" 200 1614
::1 - - [02/May/2024:23:51:51 +0800] "POST /phpmyadmin/index.php?route=/navigation&ajax_request=1 HTTP/1.1" 200 1946
::1 - - [02/May/2024:23:51:52 +0800] "GET /phpmyadmin/index.php?route=/table/structure&server=1&db=test&table=contacts&ajax_request=true&ajax_page_request=true&_nocache=1714665112512142783&token=7c5a77372b3926685f59624531687944 HTTP/1.1" 200 7226
::1 - - [02/May/2024:23:51:52 +0800] "GET /phpmyadmin/index.php?route=/recent-table&ajax_request=1&recent_table=1&no_debug=true&_nocache=1714665112814371785&token=7c5a77372b3926685f59624531687944 HTTP/1.1" 200 1614
::1 - - [02/May/2024:23:51:52 +0800] "POST /phpmyadmin/index.php?route=/navigation&ajax_request=1 HTTP/1.1" 200 1898
::1 - - [02/May/2024:23:51:57 +0800] "GET /phpmyadmin/themes/pmahomme/img/bd_spatial.png HTTP/1.1" 200 243
::1 - - [02/May/2024:23:52:09 +0800] "POST /phpmyadmin/index.php?route=/table/structure/drop-confirm HTTP/1.1" 200 67
::1 - - [02/May/2024:23:52:14 +0800] "POST /phpmyadmin/index.php?route=/table/structure/drop-confirm HTTP/1.1" 200 1984
::1 - - [02/May/2024:23:52:15 +0800] "GET /phpmyadmin/index.php?route=/recent-table&ajax_request=1&recent_table=1&no_debug=true&_nocache=1714665135030181461&token=7c5a77372b3926685f59624531687944 HTTP/1.1" 200 1614
::1 - - [02/May/2024:23:52:16 +0800] "POST /phpmyadmin/index.php?route=/table/structure/drop HTTP/1.1" 200 7450
::1 - - [02/May/2024:23:52:16 +0800] "GET /phpmyadmin/index.php?route=/recent-table&ajax_request=1&recent_table=1&no_debug=true&_nocache=171466513668382399&token=7c5a77372b3926685f59624531687944 HTTP/1.1" 200 1614
::1 - - [02/May/2024:23:52:27 +0800] "GET /phpmyadmin/index.php?route=/sql&server=1&db=test&table=contacts&pos=0&ajax_request=true&ajax_page_request=true&_nocache=1714665147555945594&token=7c5a77372b3926685f59624531687944 HTTP/1.1" 200 4920
::1 - - [02/May/2024:23:52:27 +0800] "GET /phpmyadmin/index.php?route=/recent-table&ajax_request=1&recent_table=1&no_debug=true&_nocache=1714665147770227686&token=7c5a77372b3926685f59624531687944 HTTP/1.1" 200 1614
::1 - - [02/May/2024:23:52:31 +0800] "GET /phpmyadmin/index.php?route=/sql&server=1&db=test&table=contacts&pos=0&ajax_request=true&ajax_page_request=true&_nocache=1714665151141178036&token=7c5a77372b3926685f59624531687944 HTTP/1.1" 200 4919
::1 - - [02/May/2024:23:52:31 +0800] "GET /phpmyadmin/index.php?route=/recent-table&ajax_request=1&recent_table=1&no_debug=true&_nocache=1714665151358546100&token=7c5a77372b3926685f59624531687944 HTTP/1.1" 200 1614
::1 - - [02/May/2024:23:52:33 +0800] "GET /phpmyadmin/index.php?route=/sql&server=1&db=test&table=contacts&pos=0&ajax_request=true&ajax_page_request=true&_nocache=1714665153032272377&token=7c5a77372b3926685f59624531687944 HTTP/1.1" 200 4919
::1 - - [02/May/2024:23:52:33 +0800] "GET /phpmyadmin/index.php?route=/recent-table&ajax_request=1&recent_table=1&no_debug=true&_nocache=1714665153251931122&token=7c5a77372b3926685f59624531687944 HTTP/1.1" 200 1614
::1 - - [02/May/2024:23:52:34 +0800] "GET /phpmyadmin/index.php?route=/table/change&db=test&table=contacts&ajax_request=true&ajax_page_request=true&_nocache=1714665154597919321&token=7c5a77372b3926685f59624531687944 HTTP/1.1" 200 6666
::1 - - [02/May/2024:23:52:34 +0800] "GET /phpmyadmin/index.php?route=/recent-table&ajax_request=1&recent_table=1&no_debug=true&_nocache=1714665154819655805&token=7c5a77372b3926685f59624531687944 HTTP/1.1" 200 1614
::1 - - [02/May/2024:23:52:37 +0800] "GET /phpmyadmin/index.php?route=/sql&server=1&db=test&table=contacts&pos=0&ajax_request=true&ajax_page_request=true&_nocache=1714665157859536656&token=7c5a77372b3926685f59624531687944 HTTP/1.1" 200 4919
::1 - - [02/May/2024:23:52:38 +0800] "GET /phpmyadmin/index.php?route=/recent-table&ajax_request=1&recent_table=1&no_debug=true&_nocache=1714665158058345324&token=7c5a77372b3926685f59624531687944 HTTP/1.1" 200 1614
::1 - - [02/May/2024:23:52:42 +0800] "GET /phpmyadmin/index.php?route=/table/structure&db=test&table=contacts&ajax_request=true&ajax_page_request=true&_nocache=1714665162379245292&token=7c5a77372b3926685f59624531687944 HTTP/1.1" 200 7231
::1 - - [02/May/2024:23:52:42 +0800] "GET /phpmyadmin/index.php?route=/recent-table&ajax_request=1&recent_table=1&no_debug=true&_nocache=1714665162629953358&token=7c5a77372b3926685f59624531687944 HTTP/1.1" 200 1614
::1 - - [02/May/2024:23:52:53 +0800] "GET /phpmyadmin/index.php?route=/table/change&db=test&table=contacts&ajax_request=true&ajax_page_request=true&_nocache=1714665173288228834&token=7c5a77372b3926685f59624531687944 HTTP/1.1" 200 6666
::1 - - [02/May/2024:23:52:53 +0800] "GET /phpmyadmin/index.php?route=/recent-table&ajax_request=1&recent_table=1&no_debug=true&_nocache=1714665173521704471&token=7c5a77372b3926685f59624531687944 HTTP/1.1" 200 1614
::1 - - [02/May/2024:23:53:06 +0800] "GET /phpmyadmin/index.php?route=/sql&server=1&db=test&table=contacts&pos=0&ajax_request=true&ajax_page_request=true&_nocache=1714665186422607478&token=7c5a77372b3926685f59624531687944 HTTP/1.1" 200 4919
::1 - - [02/May/2024:23:53:06 +0800] "GET /phpmyadmin/index.php?route=/recent-table&ajax_request=1&recent_table=1&no_debug=true&_nocache=1714665186630432502&token=7c5a77372b3926685f59624531687944 HTTP/1.1" 200 1614
::1 - - [02/May/2024:23:53:09 +0800] "POST /phpmyadmin/index.php HTTP/1.1" 200 4918
::1 - - [02/May/2024:23:53:09 +0800] "GET /phpmyadmin/index.php?route=/recent-table&ajax_request=1&recent_table=1&no_debug=true&_nocache=1714665189931905247&token=7c5a77372b3926685f59624531687944 HTTP/1.1" 200 1614
::1 - - [02/May/2024:23:53:11 +0800] "GET /phpmyadmin/index.php?route=/table/operations&db=test&table=contacts&ajax_request=true&ajax_page_request=true&_nocache=1714665191342679376&token=7c5a77372b3926685f59624531687944 HTTP/1.1" 200 7936
::1 - - [02/May/2024:23:53:11 +0800] "GET /phpmyadmin/js/dist/table/operations.js?v=5.1.3 HTTP/1.1" 200 12252
::1 - - [02/May/2024:23:53:11 +0800] "GET /phpmyadmin/index.php?route=/recent-table&ajax_request=1&recent_table=1&no_debug=true&_nocache=1714665191600624562&token=7c5a77372b3926685f59624531687944 HTTP/1.1" 200 1614
::1 - - [02/May/2024:23:53:24 +0800] "GET /phpmyadmin/index.php?route=/sql/get-default-fk-check-value&ajax_request=true&server=1&_nocache=1714665204642958997&token=7c5a77372b3926685f59624531687944 HTTP/1.1" 200 1544
::1 - - [02/May/2024:23:53:26 +0800] "POST /phpmyadmin/index.php HTTP/1.1" 200 2044
::1 - - [02/May/2024:23:53:26 +0800] "POST /phpmyadmin/index.php?route=/navigation&ajax_request=1 HTTP/1.1" 200 2670
::1 - - [02/May/2024:23:53:26 +0800] "GET /phpmyadmin/index.php?route=/database/structure&server=1&db=test&table=&ajax_request=true&ajax_page_request=true&_nocache=1714665206387235670&token=7c5a77372b3926685f59624531687944 HTTP/1.1" 200 5223
::1 - - [02/May/2024:23:53:33 +0800] "GET /phpmyadmin/index.php?route=/sql&server=1&db=test&table=nav+names&pos=0&ajax_request=true&ajax_page_request=true&_nocache=1714665213477230193&token=7c5a77372b3926685f59624531687944 HTTP/1.1" 200 7784
::1 - - [02/May/2024:23:53:33 +0800] "GET /phpmyadmin/index.php?route=/recent-table&ajax_request=1&recent_table=1&no_debug=true&_nocache=1714665213719126685&token=7c5a77372b3926685f59624531687944 HTTP/1.1" 200 1614
::1 - - [02/May/2024:23:53:34 +0800] "GET /phpmyadmin/index.php?route=/database/structure&server=1&db=test&ajax_request=true&ajax_page_request=true&_nocache=1714665214635487930&token=7c5a77372b3926685f59624531687944 HTTP/1.1" 200 5223
::1 - - [02/May/2024:23:53:42 +0800] "POST /phpmyadmin/index.php?route=/table/create HTTP/1.1" 200 32221
::1 - - [02/May/2024:23:53:42 +0800] "GET /phpmyadmin/index.php?route=/recent-table&ajax_request=1&recent_table=1&no_debug=true&_nocache=1714665222817440603&token=7c5a77372b3926685f59624531687944 HTTP/1.1" 200 1614
::1 - - [02/May/2024:23:53:46 +0800] "POST /phpmyadmin/index.php?route=/table/indexes HTTP/1.1" 200 2865
::1 - - [02/May/2024:23:54:42 +0800] "POST /phpmyadmin/index.php?route=/table/create HTTP/1.1" 200 1834
::1 - - [02/May/2024:23:54:50 +0800] "POST /phpmyadmin/index.php?route=/error-report HTTP/1.1" 200 1528
::1 - - [02/May/2024:23:54:58 +0800] "POST /phpmyadmin/index.php?route=/table/structure/reserved-word-check HTTP/1.1" 200 89
::1 - - [02/May/2024:23:54:59 +0800] "POST /phpmyadmin/index.php?route=/table/create HTTP/1.1" 200 1790
::1 - - [02/May/2024:23:54:59 +0800] "GET /phpmyadmin/index.php?route=/database/structure&server=1&db=test&table=contacts&ajax_request=true&ajax_page_request=true&_nocache=1714665299234240713&token=7c5a77372b3926685f59624531687944 HTTP/1.1" 200 5438
::1 - - [02/May/2024:23:54:59 +0800] "POST /phpmyadmin/index.php?route=/navigation&ajax_request=1 HTTP/1.1" 200 2705
::1 - - [02/May/2024:23:54:59 +0800] "GET /phpmyadmin/index.php?route=/table/structure&server=1&db=test&token=7c5a77372b3926685f59624531687944&goto=index.php%3Froute%3D%2Fdatabase%2Fstructure&table=contacts&ajax_request=true&ajax_page_request=true&_nocache=1714665299239680256&token=7c5a77372b3926685f59624531687944 HTTP/1.1" 200 7924
::1 - - [02/May/2024:23:54:59 +0800] "GET /phpmyadmin/index.php?route=/recent-table&ajax_request=1&recent_table=1&no_debug=true&_nocache=1714665299496104084&token=7c5a77372b3926685f59624531687944 HTTP/1.1" 200 1614
::1 - - [02/May/2024:23:54:59 +0800] "GET /phpmyadmin/index.php?route=/recent-table&ajax_request=1&recent_table=1&no_debug=true&_nocache=171466529978886602&token=7c5a77372b3926685f59624531687944 HTTP/1.1" 200 1614
::1 - - [02/May/2024:23:55:04 +0800] "GET /phpmyadmin/index.php?route=/sql&server=1&db=test&table=nav+names&pos=0&ajax_request=true&ajax_page_request=true&_nocache=1714665304933600596&token=7c5a77372b3926685f59624531687944 HTTP/1.1" 200 7783
::1 - - [02/May/2024:23:55:05 +0800] "GET /phpmyadmin/index.php?route=/recent-table&ajax_request=1&recent_table=1&no_debug=true&_nocache=1714665305244922384&token=7c5a77372b3926685f59624531687944 HTTP/1.1" 200 1614
::1 - - [02/May/2024:23:55:07 +0800] "GET /phpmyadmin/index.php?route=/sql&server=1&db=test&table=contacts&pos=0&ajax_request=true&ajax_page_request=true&_nocache=1714665307550558139&token=7c5a77372b3926685f59624531687944 HTTP/1.1" 200 4934
::1 - - [02/May/2024:23:55:07 +0800] "GET /phpmyadmin/index.php?route=/recent-table&ajax_request=1&recent_table=1&no_debug=true&_nocache=1714665307763723804&token=7c5a77372b3926685f59624531687944 HTTP/1.1" 200 1614
::1 - - [02/May/2024:23:55:10 +0800] "GET /phpmyadmin/index.php?route=/table/structure&server=1&db=test&table=profiles&ajax_request=true&ajax_page_request=true&_nocache=1714665310230329119&token=7c5a77372b3926685f59624531687944 HTTP/1.1" 200 7213
::1 - - [02/May/2024:23:55:10 +0800] "GET /phpmyadmin/index.php?route=/recent-table&ajax_request=1&recent_table=1&no_debug=true&_nocache=1714665310450535178&token=7c5a77372b3926685f59624531687944 HTTP/1.1" 200 1613
::1 - - [02/May/2024:23:55:14 +0800] "GET /phpmyadmin/index.php?route=/table/structure&server=1&db=test&table=profiles&ajax_request=true&ajax_page_request=true&_nocache=1714665314063442424&token=7c5a77372b3926685f59624531687944 HTTP/1.1" 200 7213
::1 - - [02/May/2024:23:55:14 +0800] "GET /phpmyadmin/index.php?route=/recent-table&ajax_request=1&recent_table=1&no_debug=true&_nocache=171466531430891389&token=7c5a77372b3926685f59624531687944 HTTP/1.1" 200 1613
::1 - - [02/May/2024:23:55:17 +0800] "GET /phpmyadmin/index.php?route=/sql&server=1&db=test&table=contacts&pos=0&ajax_request=true&ajax_page_request=true&_nocache=1714665317528424152&token=7c5a77372b3926685f59624531687944 HTTP/1.1" 200 4934
::1 - - [02/May/2024:23:55:17 +0800] "GET /phpmyadmin/index.php?route=/recent-table&ajax_request=1&recent_table=1&no_debug=true&_nocache=1714665317763235593&token=7c5a77372b3926685f59624531687944 HTTP/1.1" 200 1613
::1 - - [02/May/2024:23:55:19 +0800] "POST /phpmyadmin/index.php?route=/navigation&ajax_request=1 HTTP/1.1" 200 2068
::1 - - [02/May/2024:23:55:20 +0800] "GET /phpmyadmin/index.php?route=/table/structure&server=1&db=test&table=contacts&ajax_request=true&ajax_page_request=true&_nocache=1714665320242515605&token=7c5a77372b3926685f59624531687944 HTTP/1.1" 200 7930
::1 - - [02/May/2024:23:55:20 +0800] "GET /phpmyadmin/index.php?route=/recent-table&ajax_request=1&recent_table=1&no_debug=true&_nocache=1714665320475485855&token=7c5a77372b3926685f59624531687944 HTTP/1.1" 200 1613
::1 - - [02/May/2024:23:55:25 +0800] "GET / HTTP/1.1" 200 25052
::1 - - [02/May/2024:23:55:45 +0800] "POST /process_form.php HTTP/1.1" 404 196
::1 - - [02/May/2024:23:56:45 +0800] "-" 408 -
::1 - - [03/May/2024:00:00:19 +0800] "POST /process_form.php HTTP/1.1" 404 196
::1 - - [03/May/2024:00:00:21 +0800] "GET / HTTP/1.1" 200 25121
::1 - - [03/May/2024:00:01:06 +0800] "POST /process_form.php HTTP/1.1" 404 196
::1 - - [03/May/2024:00:01:09 +0800] "POST /process_form.php HTTP/1.1" 404 196
::1 - - [03/May/2024:00:01:11 +0800] "GET / HTTP/1.1" 200 25130
::1 - - [03/May/2024:00:01:12 +0800] "GET / HTTP/1.1" 200 25130
::1 - - [03/May/2024:00:01:12 +0800] "GET / HTTP/1.1" 200 25130
::1 - - [03/May/2024:00:01:23 +0800] "POST /Includes/process_form.php HTTP/1.1" 500 2
::1 - - [03/May/2024:00:02:23 +0800] "-" 408 -
::1 - - [03/May/2024:00:03:34 +0800] "POST /Includes/process_form.php HTTP/1.1" 500 2
::1 - - [03/May/2024:00:03:40 +0800] "GET /phpmyadmin/index.php?route=/table/structure&server=1&db=test&table=contacts HTTP/1.1" 200 14314
::1 - - [03/May/2024:00:03:40 +0800] "GET /phpmyadmin/themes/pmahomme/css/theme.css?v=5.1.3&nocache=-1823835568ltr&server=1 HTTP/1.1" 200 216144
::1 - - [03/May/2024:00:03:41 +0800] "POST /phpmyadmin/index.php?route=/config/get HTTP/1.1" 200 1524
::1 - - [03/May/2024:00:03:41 +0800] "POST /phpmyadmin/index.php?route=/navigation&ajax_request=1 HTTP/1.1" 200 2795
::1 - - [03/May/2024:00:03:41 +0800] "POST /phpmyadmin/index.php?route=/config/get HTTP/1.1" 200 1613
::1 - - [03/May/2024:00:03:41 +0800] "GET /phpmyadmin/index.php?route=/recent-table&ajax_request=1&recent_table=1&no_debug=true&_nocache=171466582110314349&token=7c5a77372b3926685f59624531687944 HTTP/1.1" 200 1613
::1 - - [03/May/2024:00:03:41 +0800] "POST /phpmyadmin/index.php?route=/config/set HTTP/1.1" 200 1515
::1 - - [03/May/2024:00:04:53 +0800] "POST /phpmyadmin/index.php?route=/error-report HTTP/1.1" 200 1528
::1 - - [03/May/2024:00:04:55 +0800] "GET /phpmyadmin/themes/pmahomme/img/bd_primary.png HTTP/1.1" 200 294
::1 - - [03/May/2024:00:04:55 +0800] "GET /phpmyadmin/themes/pmahomme/img/bd_ftext.png HTTP/1.1" 200 286
::1 - - [03/May/2024:00:04:57 +0800] "POST /phpmyadmin/index.php?route=/sql HTTP/1.1" 200 4590
::1 - - [03/May/2024:00:04:57 +0800] "POST /phpmyadmin/index.php?route=/navigation&ajax_request=1 HTTP/1.1" 200 2758
::1 - - [03/May/2024:00:06:49 +0800] "POST /Includes/process_form.php HTTP/1.1" 500 2
::1 - - [03/May/2024:00:06:56 +0800] "GET /phpmyadmin/index.php?route=/table/structure&server=1&db=test&table=contacts HTTP/1.1" 200 13558
::1 - - [03/May/2024:00:06:57 +0800] "GET /phpmyadmin/themes/pmahomme/css/theme.css?v=5.1.3&nocache=-14988796ltr&server=1 HTTP/1.1" 200 216144
::1 - - [03/May/2024:00:06:57 +0800] "POST /phpmyadmin/index.php?route=/config/get HTTP/1.1" 200 1524
::1 - - [03/May/2024:00:06:57 +0800] "POST /phpmyadmin/index.php?route=/navigation&ajax_request=1 HTTP/1.1" 200 2758
::1 - - [03/May/2024:00:06:57 +0800] "POST /phpmyadmin/index.php?route=/config/get HTTP/1.1" 200 1613
::1 - - [03/May/2024:00:06:57 +0800] "GET /phpmyadmin/index.php?route=/recent-table&ajax_request=1&recent_table=1&no_debug=true&_nocache=1714666017579762679&token=7c5a77372b3926685f59624531687944 HTTP/1.1" 200 1613
::1 - - [03/May/2024:00:06:58 +0800] "POST /phpmyadmin/index.php?route=/config/set HTTP/1.1" 200 1515
::1 - - [03/May/2024:00:07:04 +0800] "GET /phpmyadmin/index.php?route=/table/structure&server=1&db=test&table=contacts&ajax_request=true&ajax_page_request=true&_nocache=1714666024859195045&token=7c5a77372b3926685f59624531687944 HTTP/1.1" 200 7232
::1 - - [03/May/2024:00:07:05 +0800] "GET /phpmyadmin/index.php?route=/recent-table&ajax_request=1&recent_table=1&no_debug=true&_nocache=1714666025126368877&token=7c5a77372b3926685f59624531687944 HTTP/1.1" 200 1613
::1 - - [03/May/2024:00:07:15 +0800] "GET /phpmyadmin/index.php?route=/table/structure&server=1&db=test&table=profiles&ajax_request=true&ajax_page_request=true&_nocache=1714666035646198045&token=7c5a77372b3926685f59624531687944 HTTP/1.1" 200 7213
::1 - - [03/May/2024:00:07:15 +0800] "GET /phpmyadmin/index.php?route=/recent-table&ajax_request=1&recent_table=1&no_debug=true&_nocache=1714666035897437423&token=7c5a77372b3926685f59624531687944 HTTP/1.1" 200 1613
::1 - - [03/May/2024:00:07:24 +0800] "GET /phpmyadmin/index.php?route=/sql&server=1&db=test&table=nav+names&pos=0&ajax_request=true&ajax_page_request=true&_nocache=1714666044752153470&token=7c5a77372b3926685f59624531687944 HTTP/1.1" 200 7783
::1 - - [03/May/2024:00:07:25 +0800] "GET /phpmyadmin/index.php?route=/recent-table&ajax_request=1&recent_table=1&no_debug=true&_nocache=1714666045036938747&token=7c5a77372b3926685f59624531687944 HTTP/1.1" 200 1614
::1 - - [03/May/2024:00:07:32 +0800] "POST /phpmyadmin/index.php?route=/navigation&ajax_request=1 HTTP/1.1" 200 2072
::1 - - [03/May/2024:00:07:38 +0800] "GET /phpmyadmin/index.php?route=/table/structure&server=1&db=test&table=contacts&ajax_request=true&ajax_page_request=true&_nocache=1714666058669337957&token=7c5a77372b3926685f59624531687944 HTTP/1.1" 200 7232
::1 - - [03/May/2024:00:07:38 +0800] "GET /phpmyadmin/index.php?route=/recent-table&ajax_request=1&recent_table=1&no_debug=true&_nocache=1714666058920469067&token=7c5a77372b3926685f59624531687944 HTTP/1.1" 200 1614
::1 - - [03/May/2024:00:07:40 +0800] "POST /phpmyadmin/index.php?route=/navigation&ajax_request=1 HTTP/1.1" 200 1898
::1 - - [03/May/2024:00:07:42 +0800] "GET /phpmyadmin/index.php?route=/table/structure/change&server=1&change_column=1&db=test&table=contacts&field=email&ajax_request=true&ajax_page_request=true&_nocache=1714666062243198730&token=7c5a77372b3926685f59624531687944 HTTP/1.1" 200 8296
::1 - - [03/May/2024:00:07:42 +0800] "GET /phpmyadmin/index.php?route=/recent-table&ajax_request=1&recent_table=1&no_debug=true&_nocache=1714666062451415909&token=7c5a77372b3926685f59624531687944 HTTP/1.1" 200 1614
::1 - - [03/May/2024:00:07:44 +0800] "GET /phpmyadmin/index.php?route=/table/structure/change&server=1&change_column=1&db=test&table=contacts&field=firstname&ajax_request=true&ajax_page_request=true&_nocache=1714666064228957798&token=7c5a77372b3926685f59624531687944 HTTP/1.1" 200 8300
::1 - - [03/May/2024:00:07:44 +0800] "GET /phpmyadmin/index.php?route=/recent-table&ajax_request=1&recent_table=1&no_debug=true&_nocache=1714666064424743598&token=7c5a77372b3926685f59624531687944 HTTP/1.1" 200 1614
::1 - - [03/May/2024:00:07:45 +0800] "GET /phpmyadmin/index.php?route=/table/add-field&server=1&field_where=last&after_field=&db=test&table=contacts&ajax_request=true&ajax_page_request=true&_nocache=1714666065725397352&token=7c5a77372b3926685f59624531687944 HTTP/1.1" 200 8204
::1 - - [03/May/2024:00:07:45 +0800] "GET /phpmyadmin/index.php?route=/recent-table&ajax_request=1&recent_table=1&no_debug=true&_nocache=1714666065911211241&token=7c5a77372b3926685f59624531687944 HTTP/1.1" 200 1614
::1 - - [03/May/2024:00:07:52 +0800] "POST /phpmyadmin/index.php?route=/navigation&ajax_request=1 HTTP/1.1" 200 1880
::1 - - [03/May/2024:00:07:55 +0800] "GET /phpmyadmin/index.php?route=/table/add-field&server=1&field_where=last&after_field=&db=test&table=contacts&ajax_request=true&ajax_page_request=true&_nocache=1714666075112726877&token=7c5a77372b3926685f59624531687944 HTTP/1.1" 200 8204
::1 - - [03/May/2024:00:07:55 +0800] "GET /phpmyadmin/index.php?route=/recent-table&ajax_request=1&recent_table=1&no_debug=true&_nocache=1714666075285457671&token=7c5a77372b3926685f59624531687944 HTTP/1.1" 200 1614
::1 - - [03/May/2024:00:07:56 +0800] "GET /phpmyadmin/index.php?route=/table/structure/change&server=1&change_column=1&db=test&table=contacts&field=email&ajax_request=true&ajax_page_request=true&_nocache=1714666076194173819&token=7c5a77372b3926685f59624531687944 HTTP/1.1" 200 8296
::1 - - [03/May/2024:00:07:56 +0800] "GET /phpmyadmin/index.php?route=/recent-table&ajax_request=1&recent_table=1&no_debug=true&_nocache=1714666076391333186&token=7c5a77372b3926685f59624531687944 HTTP/1.1" 200 1614
::1 - - [03/May/2024:00:07:58 +0800] "GET /phpmyadmin/index.php?route=/sql&server=1&db=test&table=contacts&pos=0&ajax_request=true&ajax_page_request=true&_nocache=1714666078617488401&token=7c5a77372b3926685f59624531687944 HTTP/1.1" 200 4920
::1 - - [03/May/2024:00:07:58 +0800] "GET /phpmyadmin/index.php?route=/recent-table&ajax_request=1&recent_table=1&no_debug=true&_nocache=1714666078885456753&token=7c5a77372b3926685f59624531687944 HTTP/1.1" 200 1614
::1 - - [03/May/2024:00:08:01 +0800] "GET /phpmyadmin/index.php?route=/table/structure&server=1&db=test&table=contacts&ajax_request=true&ajax_page_request=true&_nocache=1714666081247447807&token=7c5a77372b3926685f59624531687944 HTTP/1.1" 200 7232
::1 - - [03/May/2024:00:08:01 +0800] "GET /phpmyadmin/index.php?route=/recent-table&ajax_request=1&recent_table=1&no_debug=true&_nocache=1714666081475689884&token=7c5a77372b3926685f59624531687944 HTTP/1.1" 200 1614
::1 - - [03/May/2024:00:08:10 +0800] "POST /phpmyadmin/index.php?route=/error-report HTTP/1.1" 200 1528
::1 - - [03/May/2024:00:23:49 +0800] "GET / HTTP/1.1" 200 26220
::1 - - [03/May/2024:00:24:00 +0800] "POST /Includes/process_form.php HTTP/1.1" 500 2
::1 - - [03/May/2024:00:25:00 +0800] "-" 408 -
::1 - - [03/May/2024:00:29:32 +0800] "GET /phpmyadmin/index.php?route=/table/structure&server=1&db=test&table=contacts HTTP/1.1" 200 13557
::1 - - [03/May/2024:00:29:33 +0800] "GET /phpmyadmin/themes/pmahomme/css/theme.css?v=5.1.3&nocache=1622744054ltr&server=1 HTTP/1.1" 200 216144
::1 - - [03/May/2024:00:29:33 +0800] "GET /phpmyadmin/js/messages.php?l=en&v=5.1.3 HTTP/1.1" 200 7921
::1 - - [03/May/2024:00:29:33 +0800] "POST /phpmyadmin/index.php?route=/config/get HTTP/1.1" 200 1524
::1 - - [03/May/2024:00:29:33 +0800] "POST /phpmyadmin/index.php?route=/navigation&ajax_request=1 HTTP/1.1" 200 3051
::1 - - [03/May/2024:00:29:33 +0800] "POST /phpmyadmin/index.php?route=/config/get HTTP/1.1" 200 1613
::1 - - [03/May/2024:00:29:33 +0800] "GET /phpmyadmin/index.php?route=/recent-table&ajax_request=1&recent_table=1&no_debug=true&_nocache=1714667373513625704&token=7c5a77372b3926685f59624531687944 HTTP/1.1" 200 1614
::1 - - [03/May/2024:00:29:34 +0800] "POST /phpmyadmin/index.php?route=/config/set HTTP/1.1" 200 1515
::1 - - [03/May/2024:00:34:49 +0800] "POST /phpmyadmin/index.php?route=/error-report HTTP/1.1" 200 1528
::1 - - [03/May/2024:00:35:40 +0800] "POST /Includes/process_form.php HTTP/1.1" 500 69
::1 - - [03/May/2024:00:35:45 +0800] "GET /phpmyadmin/index.php?route=/table/structure&server=1&db=test&table=contacts HTTP/1.1" 200 13558
::1 - - [03/May/2024:00:35:45 +0800] "GET /phpmyadmin/themes/pmahomme/css/theme.css?v=5.1.3&nocache=-958914152ltr&server=1 HTTP/1.1" 200 216144
::1 - - [03/May/2024:00:35:45 +0800] "POST /phpmyadmin/index.php?route=/navigation&ajax_request=1 HTTP/1.1" 200 3051
::1 - - [03/May/2024:00:35:45 +0800] "POST /phpmyadmin/index.php?route=/config/get HTTP/1.1" 200 1524
::1 - - [03/May/2024:00:35:45 +0800] "POST /phpmyadmin/index.php?route=/config/get HTTP/1.1" 200 1613
::1 - - [03/May/2024:00:35:45 +0800] "GET /phpmyadmin/index.php?route=/recent-table&ajax_request=1&recent_table=1&no_debug=true&_nocache=1714667745753967389&token=7c5a77372b3926685f59624531687944 HTTP/1.1" 200 1614
::1 - - [03/May/2024:00:35:46 +0800] "POST /phpmyadmin/index.php?route=/config/set HTTP/1.1" 200 1515
::1 - - [03/May/2024:00:35:52 +0800] "GET /phpmyadmin/index.php?route=/table/structure/change&server=1&change_column=1&db=test&table=contacts&field=email&ajax_request=true&ajax_page_request=true&_nocache=1714667752989714869&token=7c5a77372b3926685f59624531687944 HTTP/1.1" 200 8296
::1 - - [03/May/2024:00:35:53 +0800] "GET /phpmyadmin/index.php?route=/recent-table&ajax_request=1&recent_table=1&no_debug=true&_nocache=1714667753217994320&token=7c5a77372b3926685f59624531687944 HTTP/1.1" 200 1614
::1 - - [03/May/2024:00:35:54 +0800] "GET /phpmyadmin/index.php?route=/table/structure/change&server=1&change_column=1&db=test&table=contacts&field=firstname&ajax_request=true&ajax_page_request=true&_nocache=1714667754184756235&token=7c5a77372b3926685f59624531687944 HTTP/1.1" 200 8300
::1 - - [03/May/2024:00:35:54 +0800] "GET /phpmyadmin/index.php?route=/recent-table&ajax_request=1&recent_table=1&no_debug=true&_nocache=1714667754360472214&token=7c5a77372b3926685f59624531687944 HTTP/1.1" 200 1614
::1 - - [03/May/2024:00:35:55 +0800] "GET /phpmyadmin/index.php?route=/table/structure/change&server=1&change_column=1&db=test&table=contacts&field=lastname&ajax_request=true&ajax_page_request=true&_nocache=1714667755503694403&token=7c5a77372b3926685f59624531687944 HTTP/1.1" 200 8298
::1 - - [03/May/2024:00:35:55 +0800] "GET /phpmyadmin/index.php?route=/recent-table&ajax_request=1&recent_table=1&no_debug=true&_nocache=1714667755707627015&token=7c5a77372b3926685f59624531687944 HTTP/1.1" 200 1614
::1 - - [03/May/2024:00:35:56 +0800] "GET /phpmyadmin/index.php?route=/table/structure/change&server=1&change_column=1&db=test&table=contacts&field=message&ajax_request=true&ajax_page_request=true&_nocache=171466775629720709&token=7c5a77372b3926685f59624531687944 HTTP/1.1" 200 8284
::1 - - [03/May/2024:00:35:56 +0800] "GET /phpmyadmin/index.php?route=/recent-table&ajax_request=1&recent_table=1&no_debug=true&_nocache=1714667756497275191&token=7c5a77372b3926685f59624531687944 HTTP/1.1" 200 1614
::1 - - [03/May/2024:00:39:11 +0800] "GET / HTTP/1.1" 200 26218
::1 - - [03/May/2024:00:39:24 +0800] "POST /Includes/process_form.php HTTP/1.1" 500 -
::1 - - [03/May/2024:00:39:30 +0800] "POST /Includes/process_form.php HTTP/1.1" 500 -
::1 - - [03/May/2024:00:39:52 +0800] "POST /Includes/process_form.php HTTP/1.1" 500 -
::1 - - [03/May/2024:00:39:54 +0800] "GET / HTTP/1.1" 200 26218
::1 - - [03/May/2024:00:40:01 +0800] "POST /Includes/process_form.php HTTP/1.1" 500 -
::1 - - [03/May/2024:00:40:24 +0800] "POST /phpmyadmin/index.php?route=/error-report HTTP/1.1" 200 1528
::1 - - [03/May/2024:00:40:32 +0800] "GET /phpmyadmin/index.php?route=/table/structure/change&server=1&change_column=1&db=test&table=contacts&field=message HTTP/1.1" 200 15567
::1 - - [03/May/2024:00:40:32 +0800] "GET /phpmyadmin/themes/pmahomme/css/theme.css?v=5.1.3&nocache=-486882357ltr&server=1 HTTP/1.1" 200 216144
::1 - - [03/May/2024:00:40:32 +0800] "POST /phpmyadmin/index.php?route=/config/get HTTP/1.1" 200 1524
::1 - - [03/May/2024:00:40:32 +0800] "POST /phpmyadmin/index.php?route=/navigation&ajax_request=1 HTTP/1.1" 200 3051
::1 - - [03/May/2024:00:40:32 +0800] "POST /phpmyadmin/index.php?route=/config/get HTTP/1.1" 200 1613
::1 - - [03/May/2024:00:40:32 +0800] "GET /phpmyadmin/index.php?route=/recent-table&ajax_request=1&recent_table=1&no_debug=true&_nocache=171466803274014756&token=7c5a77372b3926685f59624531687944 HTTP/1.1" 200 1614
::1 - - [03/May/2024:00:40:33 +0800] "POST /phpmyadmin/index.php?route=/config/set HTTP/1.1" 200 1515
::1 - - [03/May/2024:00:40:34 +0800] "GET /phpmyadmin/index.php?route=/table/structure/change&server=1&change_column=1&db=test&table=contacts&field=email&ajax_request=true&ajax_page_request=true&_nocache=1714668034239210367&token=7c5a77372b3926685f59624531687944 HTTP/1.1" 200 8296
::1 - - [03/May/2024:00:40:34 +0800] "GET /phpmyadmin/index.php?route=/recent-table&ajax_request=1&recent_table=1&no_debug=true&_nocache=1714668034545363392&token=7c5a77372b3926685f59624531687944 HTTP/1.1" 200 1614
::1 - - [03/May/2024:00:40:37 +0800] "GET /phpmyadmin/index.php?route=/table/add-field&server=1&field_where=last&after_field=&db=test&table=contacts&ajax_request=true&ajax_page_request=true&_nocache=1714668037862788043&token=7c5a77372b3926685f59624531687944 HTTP/1.1" 200 8204
::1 - - [03/May/2024:00:40:38 +0800] "GET /phpmyadmin/index.php?route=/recent-table&ajax_request=1&recent_table=1&no_debug=true&_nocache=1714668038047140300&token=7c5a77372b3926685f59624531687944 HTTP/1.1" 200 1614
::1 - - [03/May/2024:00:40:38 +0800] "GET /phpmyadmin/index.php?route=/table/structure&server=1&db=test&table=contacts&ajax_request=true&ajax_page_request=true&_nocache=1714668038442181145&token=7c5a77372b3926685f59624531687944 HTTP/1.1" 200 7232
::1 - - [03/May/2024:00:40:38 +0800] "GET /phpmyadmin/index.php?route=/recent-table&ajax_request=1&recent_table=1&no_debug=true&_nocache=1714668038677681342&token=7c5a77372b3926685f59624531687944 HTTP/1.1" 200 1614
::1 - - [03/May/2024:00:41:52 +0800] "POST /phpmyadmin/index.php?route=/error-report HTTP/1.1" 200 1528
::1 - - [03/May/2024:00:41:57 +0800] "POST /Includes/process_form.php HTTP/1.1" 200 967
::1 - - [03/May/2024:00:42:57 +0800] "-" 408 -
::1 - - [03/May/2024:00:43:08 +0800] "POST /Includes/process_form.php HTTP/1.1" 200 522
::1 - - [03/May/2024:00:44:08 +0800] "-" 408 -
::1 - - [03/May/2024:00:44:25 +0800] "POST /Includes/process_form.php HTTP/1.1" 200 522
::1 - - [03/May/2024:00:44:34 +0800] "POST /Includes/process_form.php HTTP/1.1" 200 95
::1 - - [03/May/2024:00:44:50 +0800] "GET /phpmyadmin/index.php?route=/table/structure&server=1&db=test&table=contacts HTTP/1.1" 200 13569
::1 - - [03/May/2024:00:44:50 +0800] "GET /phpmyadmin/themes/pmahomme/css/theme.css?v=5.1.3&nocache=-970757860ltr&server=1 HTTP/1.1" 200 216144
::1 - - [03/May/2024:00:44:50 +0800] "POST /phpmyadmin/index.php?route=/config/get HTTP/1.1" 200 1524
::1 - - [03/May/2024:00:44:50 +0800] "POST /phpmyadmin/index.php?route=/navigation&ajax_request=1 HTTP/1.1" 200 3051
::1 - - [03/May/2024:00:44:50 +0800] "POST /phpmyadmin/index.php?route=/config/get HTTP/1.1" 200 1613
::1 - - [03/May/2024:00:44:50 +0800] "GET /phpmyadmin/index.php?route=/recent-table&ajax_request=1&recent_table=1&no_debug=true&_nocache=1714668290955739843&token=7c5a77372b3926685f59624531687944 HTTP/1.1" 200 1614
::1 - - [03/May/2024:00:44:51 +0800] "POST /phpmyadmin/index.php?route=/config/set HTTP/1.1" 200 1515
::1 - - [03/May/2024:00:45:00 +0800] "GET /phpmyadmin/index.php?route=/table/structure/change&server=1&change_column=1&db=test&table=contacts&field=email&ajax_request=true&ajax_page_request=true&_nocache=1714668300761323353&token=7c5a77372b3926685f59624531687944 HTTP/1.1" 200 8296
::1 - - [03/May/2024:00:45:00 +0800] "GET /phpmyadmin/index.php?route=/recent-table&ajax_request=1&recent_table=1&no_debug=true&_nocache=1714668300963536219&token=7c5a77372b3926685f59624531687944 HTTP/1.1" 200 1614
::1 - - [03/May/2024:00:45:02 +0800] "GET /phpmyadmin/index.php?route=/table/structure/change&server=1&change_column=1&db=test&table=contacts&field=firstname&ajax_request=true&ajax_page_request=true&_nocache=1714668302163948754&token=7c5a77372b3926685f59624531687944 HTTP/1.1" 200 8300
::1 - - [03/May/2024:00:45:02 +0800] "GET /phpmyadmin/index.php?route=/recent-table&ajax_request=1&recent_table=1&no_debug=true&_nocache=171466830240046382&token=7c5a77372b3926685f59624531687944 HTTP/1.1" 200 1614
::1 - - [03/May/2024:00:45:03 +0800] "GET /phpmyadmin/index.php?route=/table/structure/change&server=1&change_column=1&db=test&table=contacts&field=message&ajax_request=true&ajax_page_request=true&_nocache=1714668303938897706&token=7c5a77372b3926685f59624531687944 HTTP/1.1" 200 8284
::1 - - [03/May/2024:00:45:04 +0800] "GET /phpmyadmin/index.php?route=/recent-table&ajax_request=1&recent_table=1&no_debug=true&_nocache=1714668304127452635&token=7c5a77372b3926685f59624531687944 HTTP/1.1" 200 1614
::1 - - [03/May/2024:00:45:13 +0800] "POST /Includes/process_form.php HTTP/1.1" 200 95
::1 - - [03/May/2024:00:45:18 +0800] "POST /phpmyadmin/index.php?route=/error-report HTTP/1.1" 200 1528
::1 - - [03/May/2024:00:45:22 +0800] "POST /phpmyadmin/index.php?route=/error-report HTTP/1.1" 200 3054
::1 - - [03/May/2024:00:45:28 +0800] "POST /phpmyadmin/index.php?route=/error-report HTTP/1.1" 200 2213
::1 - - [03/May/2024:00:45:43 +0800] "GET /phpmyadmin/index.php?route=/table/structure/change&server=1&change_column=1&db=test&table=contacts&field=message HTTP/1.1" 200 15567
::1 - - [03/May/2024:00:45:43 +0800] "GET /phpmyadmin/themes/pmahomme/css/theme.css?v=5.1.3&nocache=-941427260ltr&server=1 HTTP/1.1" 200 216144
::1 - - [03/May/2024:00:45:44 +0800] "POST /phpmyadmin/index.php?route=/navigation&ajax_request=1 HTTP/1.1" 200 3051
::1 - - [03/May/2024:00:45:44 +0800] "POST /phpmyadmin/index.php?route=/config/get HTTP/1.1" 200 1524
::1 - - [03/May/2024:00:45:44 +0800] "POST /phpmyadmin/index.php?route=/config/get HTTP/1.1" 200 1613
::1 - - [03/May/2024:00:45:44 +0800] "GET /phpmyadmin/index.php?route=/recent-table&ajax_request=1&recent_table=1&no_debug=true&_nocache=1714668344077971518&token=7c5a77372b3926685f59624531687944 HTTP/1.1" 200 1614
::1 - - [03/May/2024:00:45:44 +0800] "POST /phpmyadmin/index.php?route=/config/set HTTP/1.1" 200 1515
::1 - - [03/May/2024:00:45:46 +0800] "GET /phpmyadmin/index.php?route=/table/structure&server=1&db=test&table=contacts&ajax_request=true&ajax_page_request=true&_nocache=1714668346705193133&token=7c5a77372b3926685f59624531687944 HTTP/1.1" 200 7253
::1 - - [03/May/2024:00:45:46 +0800] "GET /phpmyadmin/index.php?route=/recent-table&ajax_request=1&recent_table=1&no_debug=true&_nocache=1714668346974178526&token=7c5a77372b3926685f59624531687944 HTTP/1.1" 200 1614
::1 - - [03/May/2024:00:45:51 +0800] "GET /phpmyadmin/index.php?route=/table/structure&server=1&db=test&table=nav+names&ajax_request=true&ajax_page_request=true&_nocache=1714668351535946121&token=7c5a77372b3926685f59624531687944 HTTP/1.1" 200 7236
::1 - - [03/May/2024:00:45:51 +0800] "GET /phpmyadmin/index.php?route=/recent-table&ajax_request=1&recent_table=1&no_debug=true&_nocache=1714668351773959166&token=7c5a77372b3926685f59624531687944 HTTP/1.1" 200 1614
::1 - - [03/May/2024:00:45:53 +0800] "GET /phpmyadmin/index.php?route=/table/structure&server=1&db=test&table=profiles&ajax_request=true&ajax_page_request=true&_nocache=1714668353572970635&token=7c5a77372b3926685f59624531687944 HTTP/1.1" 200 7213
::1 - - [03/May/2024:00:45:53 +0800] "GET /phpmyadmin/index.php?route=/recent-table&ajax_request=1&recent_table=1&no_debug=true&_nocache=1714668353842311845&token=7c5a77372b3926685f59624531687944 HTTP/1.1" 200 1613
::1 - - [03/May/2024:00:45:58 +0800] "GET /phpmyadmin/index.php?route=/table/structure/change&server=1&change_column=1&db=test&table=nav+names&field=Names&ajax_request=true&ajax_page_request=true&_nocache=1714668358291863868&token=7c5a77372b3926685f59624531687944 HTTP/1.1" 200 8284
::1 - - [03/May/2024:00:45:58 +0800] "GET /phpmyadmin/index.php?route=/recent-table&ajax_request=1&recent_table=1&no_debug=true&_nocache=1714668358484334402&token=7c5a77372b3926685f59624531687944 HTTP/1.1" 200 1614
::1 - - [03/May/2024:00:46:00 +0800] "GET /phpmyadmin/index.php?route=/table/structure/change&server=1&change_column=1&db=test&table=nav+names&field=MemberID&ajax_request=true&ajax_page_request=true&_nocache=1714668360393221524&token=7c5a77372b3926685f59624531687944 HTTP/1.1" 200 8282
::1 - - [03/May/2024:00:46:00 +0800] "GET /phpmyadmin/index.php?route=/recent-table&ajax_request=1&recent_table=1&no_debug=true&_nocache=1714668360600136513&token=7c5a77372b3926685f59624531687944 HTTP/1.1" 200 1614
::1 - - [03/May/2024:00:46:00 +0800] "GET /phpmyadmin/index.php?route=/table/add-field&server=1&field_where=last&after_field=&db=test&table=nav+names&ajax_request=true&ajax_page_request=true&_nocache=1714668360957568085&token=7c5a77372b3926685f59624531687944 HTTP/1.1" 200 8211
::1 - - [03/May/2024:00:46:01 +0800] "GET /phpmyadmin/index.php?route=/recent-table&ajax_request=1&recent_table=1&no_debug=true&_nocache=1714668361148957365&token=7c5a77372b3926685f59624531687944 HTTP/1.1" 200 1614
::1 - - [03/May/2024:00:46:01 +0800] "GET /phpmyadmin/index.php?route=/table/structure&server=1&db=test&table=nav+names&ajax_request=true&ajax_page_request=true&_nocache=1714668361596163349&token=7c5a77372b3926685f59624531687944 HTTP/1.1" 200 7236
::1 - - [03/May/2024:00:46:01 +0800] "GET /phpmyadmin/index.php?route=/recent-table&ajax_request=1&recent_table=1&no_debug=true&_nocache=1714668361897357764&token=7c5a77372b3926685f59624531687944 HTTP/1.1" 200 1614
::1 - - [03/May/2024:00:46:03 +0800] "GET /phpmyadmin/index.php?route=/sql&server=1&db=test&table=nav+names&pos=0&ajax_request=true&ajax_page_request=true&_nocache=1714668363863928056&token=7c5a77372b3926685f59624531687944 HTTP/1.1" 200 7784
::1 - - [03/May/2024:00:46:04 +0800] "GET /phpmyadmin/index.php?route=/recent-table&ajax_request=1&recent_table=1&no_debug=true&_nocache=1714668364113285938&token=7c5a77372b3926685f59624531687944 HTTP/1.1" 200 1614
::1 - - [03/May/2024:00:46:07 +0800] "GET /phpmyadmin/index.php?route=/sql&server=1&db=test&table=contacts&pos=0&ajax_request=true&ajax_page_request=true&_nocache=1714668367115900017&token=7c5a77372b3926685f59624531687944 HTTP/1.1" 200 6684
::1 - - [03/May/2024:00:46:07 +0800] "GET /phpmyadmin/index.php?route=/recent-table&ajax_request=1&recent_table=1&no_debug=true&_nocache=1714668367364399641&token=7c5a77372b3926685f59624531687944 HTTP/1.1" 200 1614
::1 - - [03/May/2024:00:46:24 +0800] "POST /phpmyadmin/index.php?route=/error-report HTTP/1.1" 200 1528
::1 - - [03/May/2024:00:50:09 +0800] "POST /Includes/process_form.php HTTP/1.1" 302 95
::1 - - [03/May/2024:00:50:09 +0800] "GET / HTTP/1.1" 200 27477
::1 - - [03/May/2024:00:50:43 +0800] "GET / HTTP/1.1" 200 27477
::1 - - [03/May/2024:00:51:13 +0800] "GET / HTTP/1.1" 200 27477
::1 - - [03/May/2024:00:51:38 +0800] "GET / HTTP/1.1" 200 27477
::1 - - [03/May/2024:00:51:47 +0800] "GET / HTTP/1.1" 200 26776
::1 - - [03/May/2024:00:51:59 +0800] "GET / HTTP/1.1" 200 26240
::1 - - [03/May/2024:00:52:47 +0800] "GET / HTTP/1.1" 200 27477
::1 - - [03/May/2024:00:53:45 +0800] "GET / HTTP/1.1" 200 26261
::1 - - [03/May/2024:00:54:25 +0800] "GET / HTTP/1.1" 200 26173
::1 - - [03/May/2024:00:54:49 +0800] "POST /Includes/process_form.php HTTP/1.1" 200 134
::1 - - [03/May/2024:00:54:57 +0800] "GET /phpmyadmin/index.php?route=/sql&server=1&db=test&table=contacts&pos=0 HTTP/1.1" 200 13431
::1 - - [03/May/2024:00:54:57 +0800] "GET /phpmyadmin/themes/pmahomme/css/theme.css?v=5.1.3&nocache=287799348ltr&server=1 HTTP/1.1" 200 216144
::1 - - [03/May/2024:00:54:57 +0800] "POST /phpmyadmin/index.php?route=/config/get HTTP/1.1" 200 1524
::1 - - [03/May/2024:00:54:57 +0800] "POST /phpmyadmin/index.php?route=/navigation&ajax_request=1 HTTP/1.1" 200 3051
::1 - - [03/May/2024:00:54:57 +0800] "POST /phpmyadmin/index.php?route=/config/get HTTP/1.1" 200 1613
::1 - - [03/May/2024:00:54:57 +0800] "GET /phpmyadmin/index.php?route=/recent-table&ajax_request=1&recent_table=1&no_debug=true&_nocache=1714668897903380948&token=7c5a77372b3926685f59624531687944 HTTP/1.1" 200 1614
::1 - - [03/May/2024:00:54:58 +0800] "POST /phpmyadmin/index.php?route=/config/set HTTP/1.1" 200 1515
::1 - - [03/May/2024:01:02:05 +0800] "POST /phpmyadmin/index.php?route=/error-report HTTP/1.1" 200 1528
